Using pre-set license
Built from '2021.3/staging' branch; Version is '2021.3.5f1 (40eb3a945986) revision 4254522'; Using compiler version '192829333'; Build Type 'Release'
OS: 'Windows 10  (10.0.19044) 64bit Professional' Language: 'ko' Physical Memory: 15659 MB
BatchMode: 1, IsHumanControllingUs: 0, StartBugReporterOnCrash: 0, Is64bit: 1, IsPro: 1

COMMAND LINE ARGUMENTS:
C:\Program Files\Unity\Hub\Editor\2021.3.5f1\Editor\Unity.exe
-adb2
-batchMode
-noUpm
-name
AssetImportWorker2
-projectPath
C:/csy/Unity/2022_ChickenRun_KGA/ChickenRun
-logFile
Logs/AssetImportWorker2.log
-srvPort
52755
Successfully changed project path to: C:/csy/Unity/2022_ChickenRun_KGA/ChickenRun
C:/csy/Unity/2022_ChickenRun_KGA/ChickenRun
[UnityMemory] Configuration Parameters - Can be set up in boot.config
    "memorysetup-bucket-allocator-granularity=16"
    "memorysetup-bucket-allocator-bucket-count=8"
    "memorysetup-bucket-allocator-block-size=33554432"
    "memorysetup-bucket-allocator-block-count=8"
    "memorysetup-main-allocator-block-size=16777216"
    "memorysetup-thread-allocator-block-size=16777216"
    "memorysetup-gfx-main-allocator-block-size=16777216"
    "memorysetup-gfx-thread-allocator-block-size=16777216"
    "memorysetup-cache-allocator-block-size=4194304"
    "memorysetup-typetree-allocator-block-size=2097152"
    "memorysetup-profiler-bucket-allocator-granularity=16"
    "memorysetup-profiler-bucket-allocator-bucket-count=8"
    "memorysetup-profiler-bucket-allocator-block-size=33554432"
    "memorysetup-profiler-bucket-allocator-block-count=8"
    "memorysetup-profiler-allocator-block-size=16777216"
    "memorysetup-profiler-editor-allocator-block-size=1048576"
    "memorysetup-temp-allocator-size-main=16777216"
    "memorysetup-job-temp-allocator-block-size=2097152"
    "memorysetup-job-temp-allocator-block-size-background=1048576"
    "memorysetup-job-temp-allocator-reduction-small-platforms=262144"
    "memorysetup-temp-allocator-size-background-worker=32768"
    "memorysetup-temp-allocator-size-job-worker=262144"
    "memorysetup-temp-allocator-size-preload-manager=33554432"
    "memorysetup-temp-allocator-size-nav-mesh-worker=65536"
    "memorysetup-temp-allocator-size-audio-worker=65536"
    "memorysetup-temp-allocator-size-cloud-worker=32768"
    "memorysetup-temp-allocator-size-gi-baking-worker=262144"
    "memorysetup-temp-allocator-size-gfx=262144"
Refreshing native plugins compatible for Editor in 73.53 ms, found 3 plugins.
Preloading 0 native plugins for Editor in 0.00 ms.
Initialize engine version: 2021.3.5f1 (40eb3a945986)
[Subsystems] Discovering subsystems at path C:/Program Files/Unity/Hub/Editor/2021.3.5f1/Editor/Data/Resources/UnitySubsystems
[Subsystems] Discovering subsystems at path C:/csy/Unity/2022_ChickenRun_KGA/ChickenRun/Assets
GfxDevice: creating device client; threaded=0; jobified=0
Direct3D:
    Version:  Direct3D 11.0 [level 11.1]
    Renderer: AMD Radeon(TM) Graphics (ID=0x1638)
    Vendor:   ATI
    VRAM:     7829 MB
    Driver:   30.0.13014.8
Initialize mono
Mono path[0] = 'C:/Program Files/Unity/Hub/Editor/2021.3.5f1/Editor/Data/Managed'
Mono path[1] = 'C:/Program Files/Unity/Hub/Editor/2021.3.5f1/Editor/Data/MonoBleedingEdge/lib/mono/unityjit-win32'
Mono config path = 'C:/Program Files/Unity/Hub/Editor/2021.3.5f1/Editor/Data/MonoBleedingEdge/etc'
Using monoOptions --debugger-agent=transport=dt_socket,embedding=1,server=y,suspend=n,address=127.0.0.1:56032
Begin MonoManager ReloadAssembly
Registering precompiled unity dll's ...
Register platform support module: C:/Program Files/Unity/Hub/Editor/2021.3.5f1/Editor/Data/PlaybackEngines/AndroidPlayer/UnityEditor.Android.Extensions.dll
Register platform support module: C:/Program Files/Unity/Hub/Editor/2021.3.5f1/Editor/Data/PlaybackEngines/WindowsStandaloneSupport/UnityEditor.WindowsStandalone.Extensions.dll
Register platform support module: C:/Program Files/Unity/Hub/Editor/2021.3.5f1/Editor/Data/PlaybackEngines/MetroSupport/UnityEditor.UWP.Extensions.dll
Registered in 0.008235 seconds.
Native extension for UWP target not found
Native extension for WindowsStandalone target not found
Native extension for Android target not found
Refreshing native plugins compatible for Editor in 78.36 ms, found 3 plugins.
Preloading 0 native plugins for Editor in 0.00 ms.
Mono: successfully reloaded assembly
- Completed reload, in  0.566 seconds
Domain Reload Profiling:
	ReloadAssembly (567ms)
		BeginReloadAssembly (67ms)
			ExecutionOrderSort (0ms)
			DisableScriptedObjects (0ms)
			BackupInstance (0ms)
			ReleaseScriptingObjects (0ms)
			CreateAndSetChildDomain (1ms)
		EndReloadAssembly (404ms)
			LoadAssemblies (65ms)
			RebuildTransferFunctionScriptingTraits (0ms)
			SetupTypeCache (87ms)
			ReleaseScriptCaches (0ms)
			RebuildScriptCaches (20ms)
			SetupLoadedEditorAssemblies (255ms)
				LogAssemblyErrors (0ms)
				InitializePlatformSupportModulesInManaged (50ms)
				SetLoadedEditorAssemblies (0ms)
				RefreshPlugins (78ms)
				BeforeProcessingInitializeOnLoad (3ms)
				ProcessInitializeOnLoadAttributes (81ms)
				ProcessInitializeOnLoadMethodAttributes (42ms)
				AfterProcessingInitializeOnLoad (0ms)
				EditorAssembliesLoaded (0ms)
			ExecutionOrderSort2 (0ms)
			AwakeInstancesAfterBackupRestoration (0ms)
Platform modules already initialized, skipping
Registering precompiled user dll's ...
Registered in 0.006968 seconds.
Begin MonoManager ReloadAssembly
Symbol file LoadedFromMemory doesn't match image C:\csy\Unity\2022_ChickenRun_KGA\ChickenRun\Library\PackageCache\com.unity.visualscripting@1.7.8\Editor\VisualScripting.Core\Dependencies\YamlDotNet\Unity.VisualScripting.YamlDotNet.dll
Symbol file LoadedFromMemory doesn't match image C:\csy\Unity\2022_ChickenRun_KGA\ChickenRun\Library\PackageCache\com.unity.visualscripting@1.7.8\Editor\VisualScripting.Core\Dependencies\DotNetZip\Unity.VisualScripting.IonicZip.dll
Native extension for UWP target not found
Native extension for WindowsStandalone target not found
Native extension for Android target not found
Refreshing native plugins compatible for Editor in 0.69 ms, found 3 plugins.
Preloading 0 native plugins for Editor in 0.00 ms.
Mono: successfully reloaded assembly
- Completed reload, in  0.947 seconds
Domain Reload Profiling:
	ReloadAssembly (948ms)
		BeginReloadAssembly (207ms)
			ExecutionOrderSort (0ms)
			DisableScriptedObjects (5ms)
			BackupInstance (0ms)
			ReleaseScriptingObjects (0ms)
			CreateAndSetChildDomain (130ms)
		EndReloadAssembly (651ms)
			LoadAssemblies (71ms)
			RebuildTransferFunctionScriptingTraits (0ms)
			SetupTypeCache (188ms)
			ReleaseScriptCaches (1ms)
			RebuildScriptCaches (41ms)
			SetupLoadedEditorAssemblies (322ms)
				LogAssemblyErrors (0ms)
				InitializePlatformSupportModulesInManaged (13ms)
				SetLoadedEditorAssemblies (0ms)
				RefreshPlugins (1ms)
				BeforeProcessingInitializeOnLoad (74ms)
				ProcessInitializeOnLoadAttributes (204ms)
				ProcessInitializeOnLoadMethodAttributes (22ms)
				AfterProcessingInitializeOnLoad (8ms)
				EditorAssembliesLoaded (0ms)
			ExecutionOrderSort2 (0ms)
			AwakeInstancesAfterBackupRestoration (9ms)
Platform modules already initialized, skipping
========================================================================
Worker process is ready to serve import requests
Launched and connected shader compiler UnityShaderCompiler.exe after 0.04 seconds
Refreshing native plugins compatible for Editor in 0.68 ms, found 3 plugins.
Preloading 0 native plugins for Editor in 0.00 ms.
Unloading 3600 Unused Serialized files (Serialized files now loaded: 0)
Unloading 41 unused Assets / (182.7 KB). Loaded Objects now: 4064.
Memory consumption went from 131.3 MB to 131.1 MB.
Total: 2.722600 ms (FindLiveObjects: 0.230400 ms CreateObjectMapping: 0.096400 ms MarkObjects: 2.276200 ms  DeleteObjects: 0.118800 ms)

AssetImportParameters requested are different than current active one (requested -> active):
  custom:video-decoder-ogg-theora: a1e56fd34408186e4bbccfd4996cb3dc -> 
  custom:container-muxer-webm: aa71ff27fc2769a1b78a27578f13a17b -> 
  custom:container-demuxer-webm: 4f35f7cbe854078d1ac9338744f61a02 -> 
  custom:video-encoder-webm-vp8: eb34c28f22e8b96e1ab97ce403110664 -> 
  custom:audio-encoder-webm-vorbis: bf7c407c2cedff20999df2af8eb42d56 -> 
  custom:framework-win-MediaFoundation: 216162199b28c13a410421893ffa2e32 -> 
  custom:container-demuxer-ogg: 62fdf1f143b41e24485cea50d1cbac27 -> 
  custom:video-decoder-webm-vp8: 9c59270c3fd7afecdb556c50c9e8de78 -> 
  custom:audio-decoder-ogg-vorbis: bf7c407c2cedff20999df2af8eb42d56 -> 
========================================================================
Received Import Request.
  Time since last request: 609741.550805 seconds.
  path: Assets/ImportAssets/Alstrainfinite/KitchenAppliances/Prefabs/Stovetop.prefab
  artifactKey: Guid(eb766ebb61571b14baf76b08c8426daa) Importer(815301076,1909f56bfc062723c751e8b465ee728b)
Start importing Assets/ImportAssets/Alstrainfinite/KitchenAppliances/Prefabs/Stovetop.prefab using Guid(eb766ebb61571b14baf76b08c8426daa) Importer(815301076,1909f56bfc062723c751e8b465ee728b)  -> (artifact id: '62728d6d91b9518ed94c33c1c63d1bc1') in 0.100459 seconds 
========================================================================
Received Import Request.
  Time since last request: 40.056614 seconds.
  path: Assets/ImportAssets/Alstrainfinite/KitchenAppliances/Textures
  artifactKey: Guid(083a9c18e8a1e9b4b8d0347ceb729b8b) Importer(815301076,1909f56bfc062723c751e8b465ee728b)
Start importing Assets/ImportAssets/Alstrainfinite/KitchenAppliances/Textures using Guid(083a9c18e8a1e9b4b8d0347ceb729b8b) Importer(815301076,1909f56bfc062723c751e8b465ee728b)  -> (artifact id: '17d2e9bbe4f603bc5bc88807be4df0e4') in 0.006803 seconds 
========================================================================
Received Import Request.
  Time since last request: 0.037087 seconds.
  path: Assets/ImportAssets/Alstrainfinite/KitchenAppliances/Textures/StoveTop.png
  artifactKey: Guid(a2a56db6421bc114ab94a5e145006cd6) Importer(815301076,1909f56bfc062723c751e8b465ee728b)
Start importing Assets/ImportAssets/Alstrainfinite/KitchenAppliances/Textures/StoveTop.png using Guid(a2a56db6421bc114ab94a5e145006cd6) Importer(815301076,1909f56bfc062723c751e8b465ee728b)  -> (artifact id: 'c8641bea6658b21530bf16c7ab7e43a9') in 0.047930 seconds 
========================================================================
Received Import Request.
  Time since last request: 6.091399 seconds.
  path: Assets/ImportAssets/Alstrainfinite/KitchenAppliances/Models/Stovetop.fbx
  artifactKey: Guid(01bb90b911a563f4997a757b1861c000) Importer(815301076,1909f56bfc062723c751e8b465ee728b)
Start importing Assets/ImportAssets/Alstrainfinite/KitchenAppliances/Models/Stovetop.fbx using Guid(01bb90b911a563f4997a757b1861c000) Importer(815301076,1909f56bfc062723c751e8b465ee728b)  -> (artifact id: 'f7d35c57cfc409de7ea36d38b81d759e') in 0.042502 seconds 
========================================================================
Received Import Request.
  Time since last request: 0.924864 seconds.
  path: Assets/ImportAssets/Alstrainfinite/KitchenAppliances/Models/Seperated For Animation
  artifactKey: Guid(57d7cd2539f065b49830e264668c6083) Importer(815301076,1909f56bfc062723c751e8b465ee728b)
Start importing Assets/ImportAssets/Alstrainfinite/KitchenAppliances/Models/Seperated For Animation using Guid(57d7cd2539f065b49830e264668c6083) Importer(815301076,1909f56bfc062723c751e8b465ee728b)  -> (artifact id: '7c59963606fa74d29d40330cafe250fa') in 0.006690 seconds 
========================================================================
Received Import Request.
  Time since last request: 0.071313 seconds.
  path: Assets/ImportAssets/Alstrainfinite/KitchenAppliances/Models/Seperated For Animation/AirFryer.fbx
  artifactKey: Guid(0ac85a8a32feb7f43b8246c295d7a2f9) Importer(815301076,1909f56bfc062723c751e8b465ee728b)
Start importing Assets/ImportAssets/Alstrainfinite/KitchenAppliances/Models/Seperated For Animation/AirFryer.fbx using Guid(0ac85a8a32feb7f43b8246c295d7a2f9) Importer(815301076,1909f56bfc062723c751e8b465ee728b)  -> (artifact id: '721111ae5534bbec5b46ccebfb916a75') in 0.029250 seconds 
========================================================================
Received Import Request.
  Time since last request: 0.000016 seconds.
  path: Assets/ImportAssets/Alstrainfinite/KitchenAppliances/Models/Seperated For Animation/Microwave_Oven.fbx
  artifactKey: Guid(aa542ce8ee9f0a949b16c7a5f7856136) Importer(815301076,1909f56bfc062723c751e8b465ee728b)
Start importing Assets/ImportAssets/Alstrainfinite/KitchenAppliances/Models/Seperated For Animation/Microwave_Oven.fbx using Guid(aa542ce8ee9f0a949b16c7a5f7856136) Importer(815301076,1909f56bfc062723c751e8b465ee728b)  -> (artifact id: '06b55b2d478d0dd2544e9e80d81975d0') in 0.049090 seconds 
========================================================================
Received Import Request.
  Time since last request: 0.000023 seconds.
  path: Assets/ImportAssets/Alstrainfinite/KitchenAppliances/Models/Seperated For Animation/Fan.fbx
  artifactKey: Guid(0318c65d68ffd844abcfda15620f3577) Importer(815301076,1909f56bfc062723c751e8b465ee728b)
Start importing Assets/ImportAssets/Alstrainfinite/KitchenAppliances/Models/Seperated For Animation/Fan.fbx using Guid(0318c65d68ffd844abcfda15620f3577) Importer(815301076,1909f56bfc062723c751e8b465ee728b)  -> (artifact id: 'a415605abf1d8134e3f5af8a16fb1be6') in 0.031518 seconds 
========================================================================
Received Import Request.
  Time since last request: 0.000037 seconds.
  path: Assets/ImportAssets/Alstrainfinite/KitchenAppliances/Models/Seperated For Animation/FanV2.fbx
  artifactKey: Guid(1b1bc434cbde3e84080f2381d5ab4b01) Importer(815301076,1909f56bfc062723c751e8b465ee728b)
Start importing Assets/ImportAssets/Alstrainfinite/KitchenAppliances/Models/Seperated For Animation/FanV2.fbx using Guid(1b1bc434cbde3e84080f2381d5ab4b01) Importer(815301076,1909f56bfc062723c751e8b465ee728b)  -> (artifact id: '7b893d605aa960fcd530b05e5bc0fe3a') in 0.026418 seconds 
========================================================================
Received Import Request.
  Time since last request: 0.000016 seconds.
  path: Assets/ImportAssets/Alstrainfinite/KitchenAppliances/Models/Seperated For Animation/Stove.fbx
  artifactKey: Guid(18925ea6c93987e49979c5fcda598980) Importer(815301076,1909f56bfc062723c751e8b465ee728b)
Start importing Assets/ImportAssets/Alstrainfinite/KitchenAppliances/Models/Seperated For Animation/Stove.fbx using Guid(18925ea6c93987e49979c5fcda598980) Importer(815301076,1909f56bfc062723c751e8b465ee728b)  -> (artifact id: '2fc358e3228d07a1a7d352216776d812') in 0.093369 seconds 
========================================================================
Received Import Request.
  Time since last request: 0.000039 seconds.
  path: Assets/ImportAssets/Alstrainfinite/KitchenAppliances/Models/Seperated For Animation/Dryer.fbx
  artifactKey: Guid(da85c7832cc94284ea2e41c9715697e5) Importer(815301076,1909f56bfc062723c751e8b465ee728b)
Start importing Assets/ImportAssets/Alstrainfinite/KitchenAppliances/Models/Seperated For Animation/Dryer.fbx using Guid(da85c7832cc94284ea2e41c9715697e5) Importer(815301076,1909f56bfc062723c751e8b465ee728b)  -> (artifact id: '267680b7ca65ca2fee3124fa337d85cc') in 0.049733 seconds 
========================================================================
Received Import Request.
  Time since last request: 10.576797 seconds.
  path: Assets/ImportAssets/Alstrainfinite/KitchenAppliances/Materials
  artifactKey: Guid(fbc6714961ec57947a99f3cad616de2a) Importer(815301076,1909f56bfc062723c751e8b465ee728b)
Start importing Assets/ImportAssets/Alstrainfinite/KitchenAppliances/Materials using Guid(fbc6714961ec57947a99f3cad616de2a) Importer(815301076,1909f56bfc062723c751e8b465ee728b)  -> (artifact id: 'f766e17e083e3ba5454ccb5002029008') in 0.005981 seconds 
========================================================================
Received Import Request.
  Time since last request: 0.069798 seconds.
  path: Assets/ImportAssets/Alstrainfinite/KitchenAppliances/Materials/Main.mat
  artifactKey: Guid(f7bbd21b1298745458209aed31d9c489) Importer(815301076,1909f56bfc062723c751e8b465ee728b)
Start importing Assets/ImportAssets/Alstrainfinite/KitchenAppliances/Materials/Main.mat using Guid(f7bbd21b1298745458209aed31d9c489) Importer(815301076,1909f56bfc062723c751e8b465ee728b)  -> (artifact id: '8a925c210700a856a7aac000517241a8') in 0.014215 seconds 
========================================================================
Received Import Request.
  Time since last request: 14.774105 seconds.
  path: Assets/ImportAssets/Dish&Tray/SilverTraySq/SilverTraySq.fbx
  artifactKey: Guid(dc173a4e482374388a45c43e5a21e656) Importer(815301076,1909f56bfc062723c751e8b465ee728b)
Start importing Assets/ImportAssets/Dish&Tray/SilverTraySq/SilverTraySq.fbx using Guid(dc173a4e482374388a45c43e5a21e656) Importer(815301076,1909f56bfc062723c751e8b465ee728b)  -> (artifact id: 'b9d207076206d774449f283cf419a2ac') in 1.157971 seconds 
========================================================================
Received Import Request.
  Time since last request: 8.815478 seconds.
  path: Assets/ImportAssets/Dish&Tray/TrayWood
  artifactKey: Guid(f7be1f674ab8d1f4c91cb2ef0e3ec283) Importer(815301076,1909f56bfc062723c751e8b465ee728b)
Start importing Assets/ImportAssets/Dish&Tray/TrayWood using Guid(f7be1f674ab8d1f4c91cb2ef0e3ec283) Importer(815301076,1909f56bfc062723c751e8b465ee728b)  -> (artifact id: '5e4104766c0b08e97aa2dad12328b722') in 0.006925 seconds 
========================================================================
Received Import Request.
  Time since last request: 9.139498 seconds.
  path: Assets/ImportAssets/Kitchen Asset/KitchenDemo.unity
  artifactKey: Guid(6cbf0f22944ccb7438ef0d239e289649) Importer(815301076,1909f56bfc062723c751e8b465ee728b)
Start importing Assets/ImportAssets/Kitchen Asset/KitchenDemo.unity using Guid(6cbf0f22944ccb7438ef0d239e289649) Importer(815301076,1909f56bfc062723c751e8b465ee728b)  -> (artifact id: '04d0d8629cdc71e848380bd35febf4f9') in 0.007217 seconds 
========================================================================
Received Import Request.
  Time since last request: 1.868686 seconds.
  path: Assets/ImportAssets/Kitchen Asset/KitchenDemoSettings.lighting
  artifactKey: Guid(5925bd4c8f516de4aa2f826ecf843787) Importer(815301076,1909f56bfc062723c751e8b465ee728b)
Start importing Assets/ImportAssets/Kitchen Asset/KitchenDemoSettings.lighting using Guid(5925bd4c8f516de4aa2f826ecf843787) Importer(815301076,1909f56bfc062723c751e8b465ee728b) LightingSettings: switching bake backend from 1 to 0.
 -> (artifact id: '05164dc8b591bf0d69b2219519f82000') in 0.009077 seconds 
========================================================================
Received Import Request.
  Time since last request: 20.311590 seconds.
  path: Assets/ImportAssets/Kitchen Asset/FBX/Stand
  artifactKey: Guid(7b486a98001834b4e99c762256a43554) Importer(815301076,1909f56bfc062723c751e8b465ee728b)
Start importing Assets/ImportAssets/Kitchen Asset/FBX/Stand using Guid(7b486a98001834b4e99c762256a43554) Importer(815301076,1909f56bfc062723c751e8b465ee728b)  -> (artifact id: 'ec5113998b70beacc87be89efd49a6bf') in 0.002552 seconds 
========================================================================
Received Import Request.
  Time since last request: 0.608899 seconds.
  path: Assets/ImportAssets/Kitchen Asset/FBX/Apple
  artifactKey: Guid(db710df4004f8a3469b187f436281e88) Importer(815301076,1909f56bfc062723c751e8b465ee728b)
Start importing Assets/ImportAssets/Kitchen Asset/FBX/Apple using Guid(db710df4004f8a3469b187f436281e88) Importer(815301076,1909f56bfc062723c751e8b465ee728b)  -> (artifact id: '60e1c8b1e9cdcf7c59f3ce8c98de603c') in 0.005742 seconds 
